d:\github\inertial navigation\黄瑾\inertial-navigation\attitude_matrix_convert\debug\vc142.pdb
d:\github\inertial navigation\黄瑾\inertial-navigation\attitude_matrix_convert\debug\vc142.idb
d:\github\inertial navigation\黄瑾\inertial-navigation\attitude_matrix_convert\debug\main.obj
d:\github\inertial navigation\黄瑾\inertial-navigation\attitude_matrix_convert\debug\attitude_matrix.obj
d:\github\inertial navigation\黄瑾\inertial-navigation\debug\inertial-navigation.exe
d:\github\inertial navigation\黄瑾\inertial-navigation\debug\inertial-navigation.ilk
d:\github\inertial navigation\黄瑾\inertial-navigation\debug\inertial-navigation.pdb
d:\github\inertial navigation\黄瑾\inertial-navigation - 副本\attitude_matrix_convert\debug\attitude_matrix.obj
d:\github\inertial navigation\黄瑾\inertial-navigation - 副本\attitude_matrix_convert\debug\main.obj
d:\github\inertial navigation\黄瑾\inertial-navigation - 副本\attitude_matrix_convert\debug\vc142.idb
d:\github\inertial navigation\黄瑾\inertial-navigation - 副本\attitude_matrix_convert\debug\vc142.pdb
d:\github\inertial navigation\黄瑾\inertial-navigation - 副本\debug\inertial-navigation.pdb
d:\github\inertial navigation\黄瑾\inertial-navigation - 副本\debug\inertial-navigation.exe
d:\github\inertial navigation\黄瑾\inertial-navigation - 副本\debug\inertial-navigation.ilk
d:\github\inertial navigation\黄瑾\inertial-navigation - 副本\attitude_matrix_convert\debug\inertial.99146027.tlog\cl.command.1.tlog
d:\github\inertial navigation\黄瑾\inertial-navigation - 副本\attitude_matrix_convert\debug\inertial.99146027.tlog\cl.read.1.tlog
d:\github\inertial navigation\黄瑾\inertial-navigation - 副本\attitude_matrix_convert\debug\inertial.99146027.tlog\cl.write.1.tlog
d:\github\inertial navigation\黄瑾\inertial-navigation - 副本\attitude_matrix_convert\debug\inertial.99146027.tlog\link.command.1.tlog
d:\github\inertial navigation\黄瑾\inertial-navigation - 副本\attitude_matrix_convert\debug\inertial.99146027.tlog\link.read.1.tlog
d:\github\inertial navigation\黄瑾\inertial-navigation - 副本\attitude_matrix_convert\debug\inertial.99146027.tlog\link.write.1.tlog
